<?xml version="1.0" encoding="UTF-8"?>
<!-- Generated by org.testng.reporters.JUnitReportReporter -->
<testsuite hostname="Sanju" failures="0" tests="1" name="com.testpages.TestHomePage" time="2.195" errors="0" timestamp="2025-04-06T16:42:45 IST" skipped="0">
  <testcase classname="com.testpages.TestHomePage" name="checkAddRemoveElement" time="2.195"/>
</testsuite> <!-- com.testpages.TestHomePage -->
