<?xml version="1.0" encoding="UTF-8"?>
<!-- Generated by org.testng.reporters.JUnitReportReporter -->
<testsuite hostname="Sanju" failures="0" tests="1" name="com.testpages.TestAddRemovePage" time="8.699" errors="0" timestamp="2025-04-19T16:51:02 IST" skipped="0">
  <testcase classname="com.testpages.TestAddRemovePage" name="addingElement" time="8.699"/>
</testsuite> <!-- com.testpages.TestAddRemovePage -->
