<?xml version="1.0" encoding="UTF-8"?>
<!-- Generated by org.testng.reporters.JUnitReportReporter -->
<testsuite hostname="Sanju" failures="0" tests="2" name="com.testpages.TestHomePage" time="1.000" errors="0" timestamp="2025-04-19T17:20:40 IST" skipped="1">
  <testcase classname="com.testpages.TestHomePage" name="test03" time="1.000"/>
  <testcase classname="com.testpages.TestHomePage" name="checkAddRemoveElement">
    <skipped/>
  </testcase> <!-- checkAddRemoveElement -->
</testsuite> <!-- com.testpages.TestHomePage -->
