<?xml version="1.0" encoding="UTF-8"?>
<!-- Generated by org.testng.reporters.JUnitReportReporter -->
<testsuite hostname="Sanju" failures="0" tests="1" name="com.testpages.TestAddRemovePage" time="6.288" errors="0" timestamp="2025-04-06T16:44:40 IST" skipped="0">
  <testcase classname="com.testpages.TestAddRemovePage" name="addingElement" time="6.288"/>
</testsuite> <!-- com.testpages.TestAddRemovePage -->
